0 info it worked if it ends with ok
1 verbose cli [ '/usr/bin/nodejs',
1 verbose cli   '/usr/local/bin/npm',
1 verbose cli   'install',
1 verbose cli   '-g',
1 verbose cli   'yo',
1 verbose cli   'grunt-cli',
1 verbose cli   'bower' ]
2 info using npm@2.11.3
3 info using node@v4.2.6
4 verbose install initial load of /usr/local/lib/package.json
5 verbose readDependencies loading dependencies from /usr/local/lib/package.json
6 silly cache add args [ 'yo', null ]
7 verbose cache add spec yo
8 silly cache add args [ 'grunt-cli', null ]
9 verbose cache add spec grunt-cli
10 silly cache add args [ 'bower', null ]
11 verbose cache add spec bower
12 silly cache add parsed spec Result {
12 silly cache add   raw: 'yo',
12 silly cache add   scope: null,
12 silly cache add   name: 'yo',
12 silly cache add   rawSpec: '',
12 silly cache add   spec: '*',
12 silly cache add   type: 'range' }
13 silly addNamed yo@*
14 verbose addNamed "*" is a valid semver range for yo
15 silly addNameRange { name: 'yo', range: '*', hasData: false }
16 silly mapToRegistry name yo
17 silly mapToRegistry using default registry
18 silly mapToRegistry registry https://registry.npmjs.org/
19 silly mapToRegistry uri https://registry.npmjs.org/yo
20 verbose addNameRange registry:https://registry.npmjs.org/yo not in flight; fetching
21 silly cache add parsed spec Result {
21 silly cache add   raw: 'grunt-cli',
21 silly cache add   scope: null,
21 silly cache add   name: 'grunt-cli',
21 silly cache add   rawSpec: '',
21 silly cache add   spec: '*',
21 silly cache add   type: 'range' }
22 silly addNamed grunt-cli@*
23 verbose addNamed "*" is a valid semver range for grunt-cli
24 silly addNameRange { name: 'grunt-cli', range: '*', hasData: false }
25 silly mapToRegistry name grunt-cli
26 silly mapToRegistry using default registry
27 silly mapToRegistry registry https://registry.npmjs.org/
28 silly mapToRegistry uri https://registry.npmjs.org/grunt-cli
29 verbose addNameRange registry:https://registry.npmjs.org/grunt-cli not in flight; fetching
30 silly cache add parsed spec Result {
30 silly cache add   raw: 'bower',
30 silly cache add   scope: null,
30 silly cache add   name: 'bower',
30 silly cache add   rawSpec: '',
30 silly cache add   spec: '*',
30 silly cache add   type: 'range' }
31 silly addNamed bower@*
32 verbose addNamed "*" is a valid semver range for bower
33 silly addNameRange { name: 'bower', range: '*', hasData: false }
34 silly mapToRegistry name bower
35 silly mapToRegistry using default registry
36 silly mapToRegistry registry https://registry.npmjs.org/
37 silly mapToRegistry uri https://registry.npmjs.org/bower
38 verbose addNameRange registry:https://registry.npmjs.org/bower not in flight; fetching
39 verbose request uri https://registry.npmjs.org/grunt-cli
40 verbose request no auth needed
41 info attempt registry request try #1 at 12:18:23 PM
42 verbose request id 5329def59d11e9f8
43 http request GET https://registry.npmjs.org/grunt-cli
44 verbose request uri https://registry.npmjs.org/yo
45 verbose request no auth needed
46 info attempt registry request try #1 at 12:18:24 PM
47 verbose etag "5H189DBX1LJP2G83ZBMVNP396"
48 http request GET https://registry.npmjs.org/yo
49 verbose request uri https://registry.npmjs.org/bower
50 verbose request no auth needed
51 info attempt registry request try #1 at 12:18:24 PM
52 verbose etag "DAFA6DH1DFZ44HGODT1YZ4KIH"
53 http request GET https://registry.npmjs.org/bower
54 http 200 https://registry.npmjs.org/grunt-cli
55 silly get cb [ 200,
55 silly get   { server: 'CouchDB/1.5.0 (Erlang OTP/R16B03)',
55 silly get     etag: '"2K9KK41402D5BIX9NSCYQ9FKX"',
55 silly get     'content-type': 'application/json',
55 silly get     'content-encoding': 'gzip',
55 silly get     'cache-control': 'max-age=300',
55 silly get     'content-length': '5937',
55 silly get     'accept-ranges': 'bytes',
55 silly get     date: 'Thu, 28 Jul 2016 05:18:24 GMT',
55 silly get     via: '1.1 varnish',
55 silly get     age: '93',
55 silly get     connection: 'keep-alive',
55 silly get     'x-served-by': 'cache-hkg6820-HKG',
55 silly get     'x-cache': 'HIT',
55 silly get     'x-cache-hits': '1',
55 silly get     'x-timer': 'S1469683104.213386,VS0,VE0',
55 silly get     vary: 'Accept-Encoding' } ]
56 verbose get saving grunt-cli to /home/cuongdv/.npm/registry.npmjs.org/grunt-cli/.cache.json
57 http 200 https://registry.npmjs.org/yo
58 silly get cb [ 200,
58 silly get   { server: 'CouchDB/1.5.0 (Erlang OTP/R16B03)',
58 silly get     etag: '"2L3UQZJQ4SEQIJHR5LXTWEZGL"',
58 silly get     'content-type': 'application/json',
58 silly get     'content-encoding': 'gzip',
58 silly get     'cache-control': 'max-age=300',
58 silly get     'content-length': '10857',
58 silly get     'accept-ranges': 'bytes',
58 silly get     date: 'Thu, 28 Jul 2016 05:18:24 GMT',
58 silly get     via: '1.1 varnish',
58 silly get     age: '108',
58 silly get     connection: 'keep-alive',
58 silly get     'x-served-by': 'cache-hkg6820-HKG',
58 silly get     'x-cache': 'HIT',
58 silly get     'x-cache-hits': '1',
58 silly get     'x-timer': 'S1469683104.195873,VS0,VE0',
58 silly get     vary: 'Accept-Encoding' } ]
59 verbose get saving yo to /home/cuongdv/.npm/registry.npmjs.org/yo/.cache.json
60 silly addNameRange number 2 { name: 'yo', range: '*', hasData: true }
61 silly addNameRange versions [ 'yo',
61 silly addNameRange   [ '1.1.0',
61 silly addNameRange     '1.1.1',
61 silly addNameRange     '1.1.2',
61 silly addNameRange     '1.2.0',
61 silly addNameRange     '1.2.1',
61 silly addNameRange     '1.3.0',
61 silly addNameRange     '1.3.2',
61 silly addNameRange     '1.3.3',
61 silly addNameRange     '1.4.1',
61 silly addNameRange     '1.4.2',
61 silly addNameRange     '1.4.4',
61 silly addNameRange     '1.4.5',
61 silly addNameRange     '1.4.6',
61 silly addNameRange     '1.4.7',
61 silly addNameRange     '1.4.8',
61 silly addNameRange     '1.5.0',
61 silly addNameRange     '1.5.1',
61 silly addNameRange     '1.6.0',
61 silly addNameRange     '1.7.0',
61 silly addNameRange     '1.7.1',
61 silly addNameRange     '1.8.1',
61 silly addNameRange     '1.8.2',
61 silly addNameRange     '1.8.3',
61 silly addNameRange     '1.8.4' ] ]
62 silly addNamed yo@1.8.4
63 verbose addNamed "1.8.4" is a plain semver version for yo
64 silly addNameRange number 2 { name: 'grunt-cli', range: '*', hasData: true }
65 silly addNameRange versions [ 'grunt-cli',
65 silly addNameRange   [ '0.1.0',
65 silly addNameRange     '0.1.1',
65 silly addNameRange     '0.1.2',
65 silly addNameRange     '0.1.3',
65 silly addNameRange     '0.1.4',
65 silly addNameRange     '0.1.5',
65 silly addNameRange     '0.1.6',
65 silly addNameRange     '0.1.7',
65 silly addNameRange     '0.1.8',
65 silly addNameRange     '0.1.9',
65 silly addNameRange     '0.1.10',
65 silly addNameRange     '0.1.11',
65 silly addNameRange     '0.1.12',
65 silly addNameRange     '0.1.13',
65 silly addNameRange     '1.0.0-rc1',
65 silly addNameRange     '1.0.0',
65 silly addNameRange     '1.0.1',
65 silly addNameRange     '1.1.0',
65 silly addNameRange     '1.2.0' ] ]
66 silly addNamed grunt-cli@1.2.0
67 verbose addNamed "1.2.0" is a plain semver version for grunt-cli
68 silly mapToRegistry name grunt-cli
69 silly mapToRegistry using default registry
70 silly mapToRegistry registry https://registry.npmjs.org/
71 silly mapToRegistry uri https://registry.npmjs.org/grunt-cli
72 verbose addRemoteTarball https://registry.npmjs.org/grunt-cli/-/grunt-cli-1.2.0.tgz not in flight; adding
73 verbose addRemoteTarball [ 'https://registry.npmjs.org/grunt-cli/-/grunt-cli-1.2.0.tgz',
73 verbose addRemoteTarball   '562b119ebb069ddb464ace2845501be97b35b6a8' ]
74 silly cache afterAdd yo@1.8.4
75 verbose afterAdd /home/cuongdv/.npm/yo/1.8.4/package/package.json not in flight; writing
76 info retry fetch attempt 1 at 12:18:24 PM
77 info attempt registry request try #1 at 12:18:24 PM
78 http fetch GET https://registry.npmjs.org/grunt-cli/-/grunt-cli-1.2.0.tgz
79 verbose afterAdd /home/cuongdv/.npm/yo/1.8.4/package/package.json written
80 http 200 https://registry.npmjs.org/bower
81 silly get cb [ 200,
81 silly get   { server: 'CouchDB/1.5.0 (Erlang OTP/R16B03)',
81 silly get     etag: '"ATF06ITB9ES36BEKWUN4O53VL"',
81 silly get     'content-type': 'application/json',
81 silly get     'content-encoding': 'gzip',
81 silly get     'cache-control': 'max-age=300',
81 silly get     'content-length': '20504',
81 silly get     'accept-ranges': 'bytes',
81 silly get     date: 'Thu, 28 Jul 2016 05:18:24 GMT',
81 silly get     via: '1.1 varnish',
81 silly get     age: '192',
81 silly get     connection: 'keep-alive',
81 silly get     'x-served-by': 'cache-hkg6825-HKG',
81 silly get     'x-cache': 'HIT',
81 silly get     'x-cache-hits': '5',
81 silly get     'x-timer': 'S1469683104.235137,VS0,VE0',
81 silly get     vary: 'Accept-Encoding' } ]
82 verbose get saving bower to /home/cuongdv/.npm/registry.npmjs.org/bower/.cache.json
83 silly addNameRange number 2 { name: 'bower', range: '*', hasData: true }
84 silly addNameRange versions [ 'bower',
84 silly addNameRange   [ '0.1.0',
84 silly addNameRange     '0.1.2',
84 silly addNameRange     '0.1.3',
84 silly addNameRange     '0.2.0',
84 silly addNameRange     '0.3.0',
84 silly addNameRange     '0.3.1',
84 silly addNameRange     '0.3.2',
84 silly addNameRange     '0.4.0',
84 silly addNameRange     '0.5.0',
84 silly addNameRange     '0.5.1',
84 silly addNameRange     '0.6.0',
84 silly addNameRange     '0.6.1',
84 silly addNameRange     '0.6.2',
84 silly addNameRange     '0.6.3',
84 silly addNameRange     '0.6.4',
84 silly addNameRange     '0.6.5',
84 silly addNameRange     '0.6.6',
84 silly addNameRange     '0.6.7',
84 silly addNameRange     '0.6.8',
84 silly addNameRange     '0.7.0',
84 silly addNameRange     '0.7.1',
84 silly addNameRange     '0.8.0',
84 silly addNameRange     '0.8.1',
84 silly addNameRange     '0.8.2',
84 silly addNameRange     '0.8.3',
84 silly addNameRange     '0.8.4',
84 silly addNameRange     '0.8.5',
84 silly addNameRange     '0.8.6',
84 silly addNameRange     '0.9.0',
84 silly addNameRange     '0.9.1',
84 silly addNameRange     '0.9.2',
84 silly addNameRange     '0.10.0',
84 silly addNameRange     '1.0.0',
84 silly addNameRange     '1.0.1',
84 silly addNameRange     '1.0.2',
84 silly addNameRange     '1.0.3',
84 silly addNameRange     '1.1.0',
84 silly addNameRange     '1.1.1',
84 silly addNameRange     '1.1.2',
84 silly addNameRange     '1.2.0',
84 silly addNameRange     '1.2.1',
84 silly addNameRange     '1.2.2',
84 silly addNameRange     '1.2.3',
84 silly addNameRange     '1.2.4',
84 silly addNameRange     '1.2.5',
84 silly addNameRange     '1.2.6',
84 silly addNameRange     '1.2.7',
84 silly addNameRange     '1.2.8',
84 silly addNameRange     '1.3.0',
84 silly addNameRange     '1.3.1',
84 silly addNameRange     '1.3.2',
84 silly addNameRange     '1.3.3',
84 silly addNameRange     '1.3.4',
84 silly addNameRange     '1.3.5',
84 silly addNameRange     '1.3.6',
84 silly addNameRange     '1.3.7',
84 silly addNameRange     '1.3.8',
84 silly addNameRange     '1.3.9',
84 silly addNameRange     '1.3.10',
84 silly addNameRange     '1.3.11',
84 silly addNameRange     '1.3.12',
84 silly addNameRange     '1.4.0',
84 silly addNameRange     '1.4.1',
84 silly addNameRange     '1.5.0',
84 silly addNameRange     '1.5.1',
84 silly addNameRange     '1.5.2',
84 silly addNameRange     '1.5.3',
84 silly addNameRange     '1.6.2',
84 silly addNameRange     '1.6.3',
84 silly addNameRange     '1.6.4',
84 silly addNameRange     '1.6.5',
84 silly addNameRange     '1.5.4',
84 silly addNameRange     '1.4.2',
84 silly addNameRange     '1.6.6',
84 silly addNameRange     '1.6.7',
84 silly addNameRange     '1.6.8',
84 silly addNameRange     '1.6.9',
84 silly addNameRange     '1.7.0',
84 silly addNameRange     '1.7.1',
84 silly addNameRange     '1.7.2',
84 silly addNameRange     '1.7.5',
84 silly addNameRange     '1.7.6',
84 silly addNameRange     '1.7.7',
84 silly addNameRange     '1.7.8',
84 silly addNameRange     '1.7.9' ] ]
85 silly addNamed bower@1.7.9
86 verbose addNamed "1.7.9" is a plain semver version for bower
87 silly cache afterAdd bower@1.7.9
88 verbose afterAdd /home/cuongdv/.npm/bower/1.7.9/package/package.json not in flight; writing
89 verbose afterAdd /home/cuongdv/.npm/bower/1.7.9/package/package.json written
90 http fetch 200 https://registry.npmjs.org/grunt-cli/-/grunt-cli-1.2.0.tgz
91 silly fetchAndShaCheck shasum 562b119ebb069ddb464ace2845501be97b35b6a8
92 verbose addTmpTarball /tmp/npm-8040-9016c0bb/registry.npmjs.org/grunt-cli/-/grunt-cli-1.2.0.tgz not in flight; adding
93 verbose addTmpTarball already have metadata; skipping unpack for grunt-cli@1.2.0
94 silly cache afterAdd grunt-cli@1.2.0
95 verbose afterAdd /home/cuongdv/.npm/grunt-cli/1.2.0/package/package.json not in flight; writing
96 verbose afterAdd /home/cuongdv/.npm/grunt-cli/1.2.0/package/package.json written
97 silly install resolved [ { name: 'yo',
97 silly install resolved     version: '1.8.4',
97 silly install resolved     description: 'CLI tool for running Yeoman generators',
97 silly install resolved     homepage: 'http://yeoman.io',
97 silly install resolved     author: { name: 'Yeoman' },
97 silly install resolved     files: [ 'lib' ],
97 silly install resolved     main: 'lib',
97 silly install resolved     keywords:
97 silly install resolved      [ 'cli-app',
97 silly install resolved        'cli',
97 silly install resolved        'front-end',
97 silly install resolved        'development',
97 silly install resolved        'dev',
97 silly install resolved        'build',
97 silly install resolved        'web',
97 silly install resolved        'tool',
97 silly install resolved        'scaffold',
97 silly install resolved        'stack',
97 silly install resolved        'yeoman',
97 silly install resolved        'generator',
97 silly install resolved        'generate',
97 silly install resolved        'app',
97 silly install resolved        'boilerplate' ],
97 silly install resolved     license: 'BSD-2-Clause',
97 silly install resolved     repository: { type: 'git', url: 'git+https://github.com/yeoman/yo.git' },
97 silly install resolved     bin: { yo: 'lib/cli.js', 'yo-complete': 'lib/completion/index.js' },
97 silly install resolved     engines: { node: '>=0.12.0' },
97 silly install resolved     scripts:
97 silly install resolved      { test: 'gulp',
97 silly install resolved        postinstall: 'yodoctor',
97 silly install resolved        postupdate: 'yodoctor',
97 silly install resolved        prepublish: 'gulp prepublish' },
97 silly install resolved     dependencies:
97 silly install resolved      { async: '^1.0.0',
97 silly install resolved        chalk: '^1.0.0',
97 silly install resolved        'cli-list': '^0.1.1',
97 silly install resolved        configstore: '^1.0.0',
97 silly install resolved        'cross-spawn': '^3.0.1',
97 silly install resolved        figures: '^1.3.5',
97 silly install resolved        fullname: '^2.0.0',
97 silly install resolved        got: '^5.0.0',
97 silly install resolved        'humanize-string': '^1.0.0',
97 silly install resolved        inquirer: '^0.11.0',
97 silly install resolved        insight: '^0.7.0',
97 silly install resolved        lodash: '^3.2.0',
97 silly install resolved        meow: '^3.0.0',
97 silly install resolved        'npm-keyword': '^4.1.0',
97 silly install resolved        opn: '^3.0.2',
97 silly install resolved        'package-json': '^2.1.0',
97 silly install resolved        'parse-help': '^0.1.1',
97 silly install resolved        'read-pkg-up': '^1.0.1',
97 silly install resolved        repeating: '^2.0.0',
97 silly install resolved        'root-check': '^1.0.0',
97 silly install resolved        'sort-on': '^1.0.0',
97 silly install resolved        'string-length': '^1.0.0',
97 silly install resolved        tabtab: '^1.3.0',
97 silly install resolved        titleize: '^1.0.0',
97 silly install resolved        'update-notifier': '^0.6.0',
97 silly install resolved        'user-home': '^2.0.0',
97 silly install resolved        'yeoman-character': '^1.0.0',
97 silly install resolved        'yeoman-doctor': '^2.0.0',
97 silly install resolved        'yeoman-environment': '^1.6.1',
97 silly install resolved        yosay: '^1.0.0' },
97 silly install resolved     devDependencies:
97 silly install resolved      { gulp: '^3.6.0',
97 silly install resolved        'gulp-coveralls': '^0.1.0',
97 silly install resolved        'gulp-eslint': '^2.0.0',
97 silly install resolved        'gulp-exclude-gitignore': '^1.0.0',
97 silly install resolved        'gulp-istanbul': '^0.10.4',
97 silly install resolved        'gulp-mocha': '^2.0.0',
97 silly install resolved        'gulp-nsp': '^2.1.0',
97 silly install resolved        'gulp-plumber': '^1.0.0',
97 silly install resolved        mocha: '^2.1.0',
97 silly install resolved        mockery: '^1.4.0',
97 silly install resolved        nock: '^8.0.0',
97 silly install resolved        nsp: '^2.2.0',
97 silly install resolved        proxyquire: '^1.0.1',
97 silly install resolved        'registry-url': '^3.0.0',
97 silly install resolved        sinon: '^1.12.1' },
97 silly install resolved     tabtab: { yo: [Object] },
97 silly install resolved     gitHead: '8a54b6e3fb25097916f45753a8f0a9edb8cbeb23',
97 silly install resolved     bugs: { url: 'https://github.com/yeoman/yo/issues' },
97 silly install resolved     _id: 'yo@1.8.4',
97 silly install resolved     _shasum: 'c99e33bfd8b59153c3cf060e52aa6fcdd2bc2957',
97 silly install resolved     _from: 'yo@*',
97 silly install resolved     _npmVersion: '3.5.3',
97 silly install resolved     _nodeVersion: '5.11.1',
97 silly install resolved     _npmUser: { name: 'sboudrias', email: 'admin@simonboudrias.com' },
97 silly install resolved     dist:
97 silly install resolved      { shasum: 'c99e33bfd8b59153c3cf060e52aa6fcdd2bc2957',
97 silly install resolved        tarball: 'https://registry.npmjs.org/yo/-/yo-1.8.4.tgz' },
97 silly install resolved     maintainers:
97 silly install resolved      [ [Object],
97 silly install resolved        [Object],
97 silly install resolved        [Object],
97 silly install resolved        [Object],
97 silly install resolved        [Object],
97 silly install resolved        [Object],
97 silly install resolved        [Object] ],
97 silly install resolved     _npmOperationalInternal:
97 silly install resolved      { host: 'packages-12-west.internal.npmjs.com',
97 silly install resolved        tmp: 'tmp/yo-1.8.4.tgz_1464718249989_0.8592824542429298' },
97 silly install resolved     directories: {},
97 silly install resolved     _resolved: 'https://registry.npmjs.org/yo/-/yo-1.8.4.tgz',
97 silly install resolved     readme: 'ERROR: No README data found!' },
97 silly install resolved   { name: 'bower',
97 silly install resolved     version: '1.7.9',
97 silly install resolved     description: 'The browser package manager',
97 silly install resolved     author: { name: 'Twitter' },
97 silly install resolved     license: 'MIT',
97 silly install resolved     repository: { type: 'git', url: 'git+https://github.com/bower/bower.git' },
97 silly install resolved     main: 'lib',
97 silly install resolved     bin: { bower: 'bin/bower' },
97 silly install resolved     homepage: 'http://bower.io',
97 silly install resolved     engines: { node: '>=0.10.0' },
97 silly install resolved     keywords: [ 'bower' ],
97 silly install resolved     files: [ 'bin', 'lib' ],
97 silly install resolved     bugs: { url: 'https://github.com/bower/bower/issues' },
97 silly install resolved     _id: 'bower@1.7.9',
97 silly install resolved     scripts: {},
97 silly install resolved     _shasum: 'b7296c2393e0d75edaa6ca39648132dd255812b0',
97 silly install resolved     _from: 'bower@*',
97 silly install resolved     _npmVersion: '3.7.3',
97 silly install resolved     _nodeVersion: '5.9.0',
97 silly install resolved     _npmUser: { name: 'sheerun', email: 'sheerun@sher.pl' },
97 silly install resolved     dist:
97 silly install resolved      { shasum: 'b7296c2393e0d75edaa6ca39648132dd255812b0',
97 silly install resolved        tarball: 'https://registry.npmjs.org/bower/-/bower-1.7.9.tgz' },
97 silly install resolved     maintainers:
97 silly install resolved      [ [Object],
97 silly install resolved        [Object],
97 silly install resolved        [Object],
97 silly install resolved        [Object],
97 silly install resolved        [Object],
97 silly install resolved        [Object],
97 silly install resolved        [Object] ],
97 silly install resolved     _npmOperationalInternal:
97 silly install resolved      { host: 'packages-12-west.internal.npmjs.com',
97 silly install resolved        tmp: 'tmp/bower-1.7.9.tgz_1459857239351_0.9720134933013469' },
97 silly install resolved     directories: {},
97 silly install resolved     _resolved: 'https://registry.npmjs.org/bower/-/bower-1.7.9.tgz',
97 silly install resolved     readme: 'ERROR: No README data found!' },
97 silly install resolved   { name: 'grunt-cli',
97 silly install resolved     description: 'The grunt command line interface',
97 silly install resolved     version: '1.2.0',
97 silly install resolved     author:
97 silly install resolved      { name: 'Grunt Development Team',
97 silly install resolved        url: 'http://gruntjs.com/development-team' },
97 silly install resolved     repository:
97 silly install resolved      { type: 'git',
97 silly install resolved        url: 'git+https://github.com/gruntjs/grunt-cli.git' },
97 silly install resolved     license: 'MIT',
97 silly install resolved     engines: { node: '>=0.10.0' },
97 silly install resolved     scripts: { test: 'node bin/grunt test' },
97 silly install resolved     bin: { grunt: 'bin/grunt' },
97 silly install resolved     dependencies:
97 silly install resolved      { 'findup-sync': '~0.3.0',
97 silly install resolved        'grunt-known-options': '~1.1.0',
97 silly install resolved        nopt: '~3.0.6',
97 silly install resolved        resolve: '~1.1.0' },
97 silly install resolved     devDependencies: { grunt: '~0.4.5', 'grunt-contrib-jshint': '~1.0.0' },
97 silly install resolved     files: [ 'bin', 'completion', 'lib' ],
97 silly install resolved     appveyor_id: 'prp6g944b05jsq6d',
97 silly install resolved     contributors: [ [Object], [Object], [Object], [Object] ],
97 silly install resolved     gitHead: 'edd8bd29a72f2f28b63fe2629fcb7b9d9f2feb46',
97 silly install resolved     bugs: { url: 'https://github.com/gruntjs/grunt-cli/issues' },
97 silly install resolved     homepage: 'https://github.com/gruntjs/grunt-cli#readme',
97 silly install resolved     _id: 'grunt-cli@1.2.0',
97 silly install resolved     _shasum: '562b119ebb069ddb464ace2845501be97b35b6a8',
97 silly install resolved     _from: 'grunt-cli@*',
97 silly install resolved     _npmVersion: '3.8.2',
97 silly install resolved     _nodeVersion: '4.2.3',
97 silly install resolved     _npmUser: { name: 'vladikoff', email: 'vlad@vladikoff.com' },
97 silly install resolved     dist:
97 silly install resolved      { shasum: '562b119ebb069ddb464ace2845501be97b35b6a8',
97 silly install resolved        tarball: 'https://registry.npmjs.org/grunt-cli/-/grunt-cli-1.2.0.tgz' },
97 silly install resolved     maintainers: [ [Object], [Object], [Object], [Object] ],
97 silly install resolved     _npmOperationalInternal:
97 silly install resolved      { host: 'packages-12-west.internal.npmjs.com',
97 silly install resolved        tmp: 'tmp/grunt-cli-1.2.0.tgz_1459558434299_0.8824446983635426' },
97 silly install resolved     directories: {},
97 silly install resolved     _resolved: 'https://registry.npmjs.org/grunt-cli/-/grunt-cli-1.2.0.tgz' } ]
98 info install yo@1.8.4 into /usr/local/lib
99 info install bower@1.7.9 into /usr/local/lib
100 info install grunt-cli@1.2.0 into /usr/local/lib
101 info installOne yo@1.8.4
102 verbose installOne of yo to /usr/local/lib not in flight; installing
103 info installOne bower@1.7.9
104 verbose installOne of bower to /usr/local/lib not in flight; installing
105 info installOne grunt-cli@1.2.0
106 verbose installOne of grunt-cli to /usr/local/lib not in flight; installing
107 verbose lock using /home/cuongdv/.npm/_locks/yo-c80abb7e04f27e35.lock for /usr/local/lib/node_modules/yo
108 verbose lock using /home/cuongdv/.npm/_locks/bower-e8debc5417026b57.lock for /usr/local/lib/node_modules/bower
109 verbose lock using /home/cuongdv/.npm/_locks/grunt-cli-58f484dab06f0a30.lock for /usr/local/lib/node_modules/grunt-cli
110 silly install write writing grunt-cli 1.2.0 to /usr/local/lib/node_modules/grunt-cli
111 silly install write writing yo 1.8.4 to /usr/local/lib/node_modules/yo
112 silly install write writing bower 1.7.9 to /usr/local/lib/node_modules/bower
113 verbose unbuild lib/node_modules/grunt-cli
114 verbose unbuild lib/node_modules/yo
115 verbose unbuild lib/node_modules/bower
116 silly gentlyRm /usr/local/lib/node_modules/grunt-cli is being purged from base /usr/local
117 verbose gentlyRm don't care about contents; nuking /usr/local/lib/node_modules/grunt-cli
118 verbose tar unpack /home/cuongdv/.npm/grunt-cli/1.2.0/package.tgz
119 verbose tar unpacking to /usr/local/lib/node_modules/grunt-cli
120 silly gentlyRm /usr/local/lib/node_modules/grunt-cli is being purged
121 verbose gentlyRm don't care about contents; nuking /usr/local/lib/node_modules/grunt-cli
122 silly gunzTarPerm modes [ '775', '664' ]
123 info preuninstall bower@1.7.9
124 info uninstall bower@1.7.9
125 verbose unbuild rmStuff bower@1.7.9 from /usr/local/lib/node_modules
126 silly gentlyRm /usr/local/bin/bower is being gently removed
127 silly gentlyRm verifying /usr/local is an npm working directory
128 error tar.unpack untar error /home/cuongdv/.npm/grunt-cli/1.2.0/package.tgz
129 info preuninstall yo@1.8.4
130 silly gentlyRm containing path /usr/local is under npm's control, in /usr/local
131 silly gentlyRm deletion target /usr/local/bin/bower is under /usr/local
132 verbose gentlyRm vacuuming from /usr/local/bin/bower up to /usr/local
133 verbose unlock done using /home/cuongdv/.npm/_locks/grunt-cli-58f484dab06f0a30.lock for /usr/local/lib/node_modules/grunt-cli
134 silly vacuum-fs removing /usr/local/bin/bower
135 info uninstall yo@1.8.4
136 verbose unlock done using /home/cuongdv/.npm/_locks/bower-e8debc5417026b57.lock for /usr/local/lib/node_modules/bower
137 verbose unbuild rmStuff yo@1.8.4 from /usr/local/lib/node_modules
138 silly gentlyRm /usr/local/bin/yo is being gently removed
139 silly gentlyRm verifying /usr/local is an npm working directory
140 silly gentlyRm /usr/local/bin/yo-complete is being gently removed
141 silly gentlyRm verifying /usr/local is an npm working directory
142 silly gentlyRm containing path /usr/local is under npm's control, in /usr/local
143 silly gentlyRm deletion target /usr/local/bin/yo is under /usr/local
144 verbose gentlyRm vacuuming from /usr/local/bin/yo up to /usr/local
145 silly gentlyRm containing path /usr/local is under npm's control, in /usr/local
146 silly gentlyRm deletion target /usr/local/bin/yo-complete is under /usr/local
147 verbose gentlyRm vacuuming from /usr/local/bin/yo-complete up to /usr/local
148 silly vacuum-fs removing /usr/local/bin/yo
149 silly vacuum-fs removing /usr/local/bin/yo-complete
150 verbose unlock done using /home/cuongdv/.npm/_locks/yo-c80abb7e04f27e35.lock for /usr/local/lib/node_modules/yo
151 verbose fstream_path /usr/local/lib/node_modules/grunt-cli
152 verbose fstream_type Directory
153 verbose fstream_class DirWriter
154 verbose stack Error: EACCES: permission denied, mkdir '/usr/local/lib/node_modules/grunt-cli'
154 verbose stack     at Error (native)
155 verbose fstream_stack /usr/local/lib/node_modules/npm/node_modules/fstream/lib/dir-writer.js:35:25
155 verbose fstream_stack /usr/local/lib/node_modules/npm/node_modules/mkdirp/index.js:47:53
155 verbose fstream_stack FSReqWrap.oncomplete (fs.js:82:15)
156 verbose cwd /home/cuongdv/Angular-example
157 error Linux 4.4.0-31-generic
158 error argv "/usr/bin/nodejs" "/usr/local/bin/npm" "install" "-g" "yo" "grunt-cli" "bower"
159 error node v4.2.6
160 error npm  v2.11.3
161 error path /usr/local/lib/node_modules/grunt-cli
162 error code EACCES
163 error errno -13
164 error syscall mkdir
165 error Error: EACCES: permission denied, mkdir '/usr/local/lib/node_modules/grunt-cli'
165 error     at Error (native)
165 error  { [Error: EACCES: permission denied, mkdir '/usr/local/lib/node_modules/grunt-cli']
165 error   errno: -13,
165 error   code: 'EACCES',
165 error   syscall: 'mkdir',
165 error   path: '/usr/local/lib/node_modules/grunt-cli',
165 error   fstream_type: 'Directory',
165 error   fstream_path: '/usr/local/lib/node_modules/grunt-cli',
165 error   fstream_class: 'DirWriter',
165 error   fstream_stack:
165 error    [ '/usr/local/lib/node_modules/npm/node_modules/fstream/lib/dir-writer.js:35:25',
165 error      '/usr/local/lib/node_modules/npm/node_modules/mkdirp/index.js:47:53',
165 error      'FSReqWrap.oncomplete (fs.js:82:15)' ] }
166 error Please try running this command again as root/Administrator.
167 verbose exit [ -13, true ]
168 verbose unbuild lib/node_modules/grunt-cli
169 silly gentlyRm /usr/local/lib/node_modules/grunt-cli is being purged from base /usr/local
170 verbose gentlyRm don't care about contents; nuking /usr/local/lib/node_modules/grunt-cli
171 verbose unbuild lib/node_modules/bower
172 info preuninstall bower@1.7.9
173 info uninstall bower@1.7.9
174 verbose unbuild rmStuff bower@1.7.9 from /usr/local/lib/node_modules
175 silly gentlyRm /usr/local/bin/bower is being gently removed
176 silly gentlyRm verifying /usr/local is an npm working directory
177 silly gentlyRm containing path /usr/local is under npm's control, in /usr/local
178 silly gentlyRm deletion target /usr/local/bin/bower is under /usr/local
179 verbose gentlyRm vacuuming from /usr/local/bin/bower up to /usr/local
180 silly vacuum-fs removing /usr/local/bin/bower
181 error error rolling back Error: EACCES: permission denied, unlink '/usr/local/bin/bower'
181 error error rolling back     at Error (native)
181 error error rolling back  { [Error: EACCES: permission denied, unlink '/usr/local/bin/bower']
181 error error rolling back   errno: -13,
181 error error rolling back   code: 'EACCES',
181 error error rolling back   syscall: 'unlink',
181 error error rolling back   path: '/usr/local/bin/bower' }
